CovidApp/app/build/intermediates/manifest_merge_blame_file/debug/manifest-merger-blame-debug-report.txt
1<?xml version="1.0" encoding="utf-8"?>
2<manifest xmlns:android="http://schemas.android.com/apk/res/android"
3    package="com.example.covidapp"
4    android:versionCode="1"
5    android:versionName="1.0" >
6
7    <uses-sdk
8        android:minSdkVersion="16"
8-->src\main\AndroidManifest.xml
9        android:targetSdkVersion="30" />
9-->src\main\AndroidManifest.xml
10
11    <uses-permission android:name="android.permission.ACCESS_FINE_LOCATION" />
11-->src\main\AndroidManifest.xml:5:5-79
11-->src\main\AndroidManifest.xml:5:22-76
12    <uses-permission android:name="android.permission.WRITE_EXTERNAL_STORAGE" />
12-->src\main\AndroidManifest.xml:6:5-81
12-->src\main\AndroidManifest.xml:6:22-78
13
14    <!-- Include required permissions for Google Maps API to run. -->
15    <uses-permission android:name="android.permission.ACCESS_NETWORK_STATE" />
15-->[com.google.android.gms:play-services-maps:17.0.1] AndroidManifest.xml:23:5-79
15-->[com.google.android.gms:play-services-maps:17.0.1] AndroidManifest.xml:23:22-76
16    <uses-permission android:name="android.permission.INTERNET" />
16-->[com.google.android.gms:play-services-maps:17.0.1] AndroidManifest.xml:24:5-67
16-->[com.google.android.gms:play-services-maps:17.0.1] AndroidManifest.xml:24:22-64
17
18    <uses-feature
18-->[com.google.android.gms:play-services-maps:17.0.1] AndroidManifest.xml:26:5-28:35
19        android:glEsVersion="0x00020000"
19-->[com.google.android.gms:play-services-maps:17.0.1] AndroidManifest.xml:27:9-41
20        android:required="true" />
20-->[com.google.android.gms:play-services-maps:17.0.1] AndroidManifest.xml:28:9-32
21
22    <queries>
22-->[com.google.android.gms:play-services-maps:17.0.1] AndroidManifest.xml:30:5-34:15
23
24        <!-- Needs to be explicitly declared on Android R+ -->
25        <package android:name="com.google.android.apps.maps" />
25-->[com.google.android.gms:play-services-maps:17.0.1] AndroidManifest.xml:33:9-64
25-->[com.google.android.gms:play-services-maps:17.0.1] AndroidManifest.xml:33:18-61
26    </queries>
27
28    <application
28-->src\main\AndroidManifest.xml:8:5-60:19
29        android:allowBackup="true"
29-->src\main\AndroidManifest.xml:9:9-35
30        android:appComponentFactory="androidx.core.app.CoreComponentFactory"
30-->[androidx.core:core:1.3.1] AndroidManifest.xml:24:18-86
31        android:debuggable="true"
32        android:icon="@mipmap/ic_launcher"
32-->src\main\AndroidManifest.xml:10:9-43
33        android:label="@string/app_name"
33-->src\main\AndroidManifest.xml:11:9-41
34        android:roundIcon="@mipmap/ic_launcher_round"
34-->src\main\AndroidManifest.xml:12:9-54
35        android:supportsRtl="true"
35-->src\main\AndroidManifest.xml:13:9-35
36        android:testOnly="true"
37        android:theme="@style/Theme.CovidApp" >
37-->src\main\AndroidManifest.xml:14:9-46
38        <activity
38-->src\main\AndroidManifest.xml:15:9-16:49
39            android:name="com.example.covidapp.ui.diary.MyDiary"
39-->src\main\AndroidManifest.xml:15:19-51
40            android:label="My Diary" />
40-->src\main\AndroidManifest.xml:16:13-37
41        <activity android:name="com.example.covidapp.MainActivity" />
41-->src\main\AndroidManifest.xml:17:9-50
41-->src\main\AndroidManifest.xml:17:19-47
42        <activity android:name="com.example.covidapp.LoginActivity" />
42-->src\main\AndroidManifest.xml:18:9-51
42-->src\main\AndroidManifest.xml:18:19-48
43        <activity
43-->src\main\AndroidManifest.xml:19:9-22:65
44            android:name="com.example.covidapp.SignUp"
44-->src\main\AndroidManifest.xml:20:13-35
45            android:label="@string/title_activity_sign_up"
45-->src\main\AndroidManifest.xml:21:13-59
46            android:theme="@style/Theme.CovidApp.NoActionBar" />
46-->src\main\AndroidManifest.xml:22:13-62
47        <activity android:name="com.example.covidapp.SplashActivity" >
47-->src\main\AndroidManifest.xml:23:9-30:20
47-->src\main\AndroidManifest.xml:23:19-49
48            android:label="@string/app_name">
49            <intent-filter>
49-->src\main\AndroidManifest.xml:25:13-29:29
50                <action android:name="android.intent.action.MAIN" />
50-->src\main\AndroidManifest.xml:26:17-69
50-->src\main\AndroidManifest.xml:26:25-66
51
52                <category android:name="android.intent.category.LAUNCHER" />
52-->src\main\AndroidManifest.xml:28:17-77
52-->src\main\AndroidManifest.xml:28:27-74
53            </intent-filter>
54        </activity>
55        <activity
55-->src\main\AndroidManifest.xml:31:9-32:40
56            android:name="com.example.covidapp.ui.AddEvent"
56-->src\main\AndroidManifest.xml:31:19-46
57            android:label="Add Event" />
57-->src\main\AndroidManifest.xml:32:13-38
58        <activity
58-->src\main\AndroidManifest.xml:33:9-34:39
59            android:name="com.example.covidapp.settings.SettingsActivity"
59-->src\main\AndroidManifest.xml:33:19-60
60            android:label="Settings" />
60-->src\main\AndroidManifest.xml:34:13-37
61        <activity
61-->src\main\AndroidManifest.xml:35:9-36:39
62            android:name="com.example.covidapp.ui.feedback.Feedback"
62-->src\main\AndroidManifest.xml:35:19-55
63            android:label="Feedback" />
63-->src\main\AndroidManifest.xml:36:13-37
64        <activity
64-->src\main\AndroidManifest.xml:38:9-39:42
65            android:name="com.example.covidapp.KeepFit"
65-->src\main\AndroidManifest.xml:38:19-42
66            android:label="Keep me fit" />
66-->src\main\AndroidManifest.xml:39:13-40
67        <activity
67-->src\main\AndroidManifest.xml:41:9-43:41
68            android:name="com.example.covidapp.WellBeing"
68-->src\main\AndroidManifest.xml:41:19-44
69            android:label="Well-being"
69-->src\main\AndroidManifest.xml:43:13-39
70            android:theme="@style/Theme.CovidApp" />
70-->src\main\AndroidManifest.xml:42:13-50
71        <activity
71-->src\main\AndroidManifest.xml:45:9-46:43
72            android:name="com.example.covidapp.WhatsOpen"
72-->src\main\AndroidManifest.xml:45:19-44
73            android:label="What&apos;s open?" />
73-->src\main\AndroidManifest.xml:46:13-33
74
75        <meta-data
75-->src\main\AndroidManifest.xml:48:9-50:69
76            android:name="com.google.android.gms.version"
76-->src\main\AndroidManifest.xml:49:13-58
77            android:value="@integer/google_play_services_version" />
77-->src\main\AndroidManifest.xml:50:13-66
78
79        <uses-library
79-->src\main\AndroidManifest.xml:52:9-54:40
80            android:name="org.apache.http.legacy"
80-->src\main\AndroidManifest.xml:53:13-50
81            android:required="false" />
81-->src\main\AndroidManifest.xml:54:13-37
82
83        <activity
83-->src\main\AndroidManifest.xml:56:9-58:48
84            android:name="com.example.covidapp.ui.eventlist.TestActivity"
84-->src\main\AndroidManifest.xml:57:13-54
85            android:label="@string/app_name" />
85-->src\main\AndroidManifest.xml:58:13-45
86        <activity android:name="com.example.covidapp.ui.home.dashboard.DashboardFragment" />
86-->src\main\AndroidManifest.xml:59:9-73
86-->src\main\AndroidManifest.xml:59:19-70
87        <activity
87-->[com.google.android.gms:play-services-base:17.0.0] AndroidManifest.xml:23:9-26:75
88            android:name="com.google.android.gms.common.api.GoogleApiActivity"
88-->[com.google.android.gms:play-services-base:17.0.0] AndroidManifest.xml:24:13-79
89            android:exported="false"
89-->[com.google.android.gms:play-services-base:17.0.0] AndroidManifest.xml:25:13-37
90            android:theme="@android:style/Theme.Translucent.NoTitleBar" />
90-->[com.google.android.gms:play-services-base:17.0.0] AndroidManifest.xml:26:13-72
91    </application>
92
93</manifest>